<?xml version="1.0" encoding="UTF-8"?>
<!-- Generated by org.testng.reporters.JUnitReportReporter -->
<testsuite hostname="DESKTOP-C6SQIIN" failures="0" tests="1" name="test.AddCustomerTest" time="9.551" errors="0" timestamp="23 Mar 2022 16:10:09 GMT" skipped="0">
  <testcase classname="test.AddCustomerTest" name="validUserShouldBeAbleToCreateCustomer" time="9.551"/>
</testsuite> <!-- test.AddCustomerTest -->
